<?xml version="1.0" encoding="UTF-8"?>
<coverage generated="1749793754">
  <project timestamp="1749793754" name="Clover Coverage">
    <package name="Revolution\Nostr\Client\Native\Concerns">
      <file name="/home/runner/work/laravel-nostr/laravel-nostr/src/Client/Native/Concerns/HasEvent.php">
        <class name="Revolution\Nostr\Client\Native\Concerns\HasEvent" namespace="Revolution\Nostr\Client\Native\Concerns">
          <metrics complexity="5" methods="1" coveredmethods="1" conditionals="0" coveredconditionals="0" statements="13" coveredstatements="13" elements="14" coveredelements="14"/>
        </class>
        <line num="17" type="method" name="toNativeEvent" visibility="protected" complexity="5" crap="5" count="1"/>
        <line num="19" type="stmt" count="1"/>
        <line num="20" type="stmt" count="1"/>
        <line num="21" type="stmt" count="1"/>
        <line num="22" type="stmt" count="1"/>
        <line num="24" type="stmt" count="1"/>
        <line num="25" type="stmt" count="1"/>
        <line num="28" type="stmt" count="1"/>
        <line num="29" type="stmt" count="1"/>
        <line num="32" type="stmt" count="1"/>
        <line num="33" type="stmt" count="1"/>
        <line num="36" type="stmt" count="1"/>
        <line num="37" type="stmt" count="1"/>
        <line num="40" type="stmt" count="1"/>
        <metrics loc="43" ncloc="40" classes="1" methods="1" coveredmethods="1" conditionals="0" coveredconditionals="0" statements="13" coveredstatements="13" elements="14" coveredelements="14"/>
      </file>
      <file name="/home/runner/work/laravel-nostr/laravel-nostr/src/Client/Native/Concerns/HasHttp.php">
        <class name="Revolution\Nostr\Client\Native\Concerns\HasHttp" namespace="Revolution\Nostr\Client\Native\Concerns">
          <metrics complexity="5" methods="2" coveredmethods="1" conditionals="0" coveredconditionals="0" statements="14" coveredstatements="13" elements="16" coveredelements="14"/>
        </class>
        <line num="18" type="method" name="response" visibility="protected" complexity="1" crap="1" count="41"/>
        <line num="20" type="stmt" count="41"/>
        <line num="26" type="method" name="publishResponse" visibility="protected" complexity="4" crap="4.01" count="5"/>
        <line num="28" type="stmt" count="5"/>
        <line num="30" type="stmt" count="5"/>
        <line num="31" type="stmt" count="3"/>
        <line num="32" type="stmt" count="3"/>
        <line num="33" type="stmt" count="3"/>
        <line num="34" type="stmt" count="3"/>
        <line num="35" type="stmt" count="3"/>
        <line num="38" type="stmt" count="2"/>
        <line num="39" type="stmt" count="2"/>
        <line num="40" type="stmt" count="2"/>
        <line num="41" type="stmt" count="2"/>
        <line num="42" type="stmt" count="2"/>
        <line num="45" type="stmt" count="0"/>
        <metrics loc="48" ncloc="42" classes="1" methods="2" coveredmethods="1" conditionals="0" coveredconditionals="0" statements="14" coveredstatements="13" elements="16" coveredelements="14"/>
      </file>
    </package>
    <package name="Revolution\Nostr\Client\Native">
      <file name="/home/runner/work/laravel-nostr/laravel-nostr/src/Client/Native/NativeClient.php">
        <class name="Revolution\Nostr\Client\Native\NativeClient" namespace="Revolution\Nostr\Client\Native">
          <metrics complexity="7" methods="7" coveredmethods="6" conditionals="0" coveredconditionals="0" statements="7" coveredstatements="6" elements="14" coveredelements="12"/>
        </class>
        <line num="21" type="method" name="key" visibility="public" complexity="1" crap="1" count="30"/>
        <line num="23" type="stmt" count="30"/>
        <line num="26" type="method" name="event" visibility="public" complexity="1" crap="1" count="7"/>
        <line num="28" type="stmt" count="7"/>
        <line num="31" type="method" name="pool" visibility="public" complexity="1" crap="1" count="4"/>
        <line num="33" type="stmt" count="4"/>
        <line num="36" type="method" name="relay" visibility="public" complexity="1" crap="1" count="1"/>
        <line num="38" type="stmt" count="1"/>
        <line num="41" type="method" name="nip04" visibility="public" complexity="1" crap="2" count="0"/>
        <line num="43" type="stmt" count="0"/>
        <line num="46" type="method" name="nip05" visibility="public" complexity="1" crap="1" count="3"/>
        <line num="48" type="stmt" count="3"/>
        <line num="51" type="method" name="nip19" visibility="public" complexity="1" crap="1" count="5"/>
        <line num="53" type="stmt" count="5"/>
        <metrics loc="56" ncloc="53" classes="1" methods="7" coveredmethods="6" conditionals="0" coveredconditionals="0" statements="7" coveredstatements="6" elements="14" coveredelements="12"/>
      </file>
      <file name="/home/runner/work/laravel-nostr/laravel-nostr/src/Client/Native/NativeEvent.php">
        <class name="Revolution\Nostr\Client\Native\NativeEvent" namespace="Revolution\Nostr\Client\Native">
          <metrics complexity="8" methods="8" coveredmethods="8" conditionals="0" coveredconditionals="0" statements="21" coveredstatements="21" elements="29" coveredelements="29"/>
        </class>
        <line num="30" type="method" name="__construct" visibility="public" complexity="1" crap="1" count="7"/>
        <line num="32" type="stmt" count="7"/>
        <line num="35" type="method" name="withRelay" visibility="public" complexity="1" crap="1" count="1"/>
        <line num="37" type="stmt" count="1"/>
        <line num="39" type="stmt" count="1"/>
        <line num="42" type="method" name="publish" visibility="public" complexity="1" crap="1" count="1"/>
        <line num="44" type="stmt" count="1"/>
        <line num="46" type="stmt" count="1"/>
        <line num="48" type="stmt" count="1"/>
        <line num="51" type="method" name="list" visibility="public" complexity="1" crap="1" count="1"/>
        <line num="53" type="stmt" count="1"/>
        <line num="55" type="stmt" count="1"/>
        <line num="58" type="method" name="get" visibility="public" complexity="1" crap="1" count="1"/>
        <line num="60" type="stmt" count="1"/>
        <line num="62" type="stmt" count="1"/>
        <line num="65" type="method" name="hash" visibility="public" complexity="1" crap="1" count="1"/>
        <line num="67" type="stmt" count="1"/>
        <line num="68" type="stmt" count="1"/>
        <line num="69" type="stmt" count="1"/>
        <line num="72" type="method" name="sign" visibility="public" complexity="1" crap="1" count="1"/>
        <line num="74" type="stmt" count="1"/>
        <line num="76" type="stmt" count="1"/>
        <line num="77" type="stmt" count="1"/>
        <line num="78" type="stmt" count="1"/>
        <line num="81" type="method" name="verify" visibility="public" complexity="1" crap="1" count="1"/>
        <line num="83" type="stmt" count="1"/>
        <line num="85" type="stmt" count="1"/>
        <line num="86" type="stmt" count="1"/>
        <line num="87" type="stmt" count="1"/>
        <metrics loc="90" ncloc="87" classes="1" methods="8" coveredmethods="8" conditionals="0" coveredconditionals="0" statements="21" coveredstatements="21" elements="29" coveredelements="29"/>
      </file>
      <file name="/home/runner/work/laravel-nostr/laravel-nostr/src/Client/Native/NativeKey.php">
        <class name="Revolution\Nostr\Client\Native\NativeKey" namespace="Revolution\Nostr\Client\Native">
          <metrics complexity="6" methods="6" coveredmethods="6" conditionals="0" coveredconditionals="0" statements="18" coveredstatements="18" elements="24" coveredelements="24"/>
        </class>
        <line num="23" type="method" name="__construct" visibility="public" complexity="1" crap="1" count="30"/>
        <line num="25" type="stmt" count="30"/>
        <line num="28" type="method" name="generate" visibility="public" complexity="1" crap="1" count="26"/>
        <line num="30" type="stmt" count="26"/>
        <line num="31" type="stmt" count="26"/>
        <line num="32" type="stmt" count="26"/>
        <line num="33" type="stmt" count="26"/>
        <line num="35" type="stmt" count="26"/>
        <line num="38" type="method" name="fromSecretKey" visibility="public" complexity="1" crap="1" count="2"/>
        <line num="40" type="stmt" count="2"/>
        <line num="41" type="stmt" count="2"/>
        <line num="42" type="stmt" count="2"/>
        <line num="44" type="stmt" count="2"/>
        <line num="47" type="method" name="fromNsec" visibility="public" complexity="1" crap="1" count="2"/>
        <line num="49" type="stmt" count="2"/>
        <line num="50" type="stmt" count="2"/>
        <line num="51" type="stmt" count="2"/>
        <line num="53" type="stmt" count="2"/>
        <line num="56" type="method" name="fromPublicKey" visibility="public" complexity="1" crap="1" count="1"/>
        <line num="58" type="stmt" count="1"/>
        <line num="60" type="stmt" count="1"/>
        <line num="63" type="method" name="fromNpub" visibility="public" complexity="1" crap="1" count="1"/>
        <line num="65" type="stmt" count="1"/>
        <line num="67" type="stmt" count="1"/>
        <metrics loc="70" ncloc="70" classes="1" methods="6" coveredmethods="6" conditionals="0" coveredconditionals="0" statements="18" coveredstatements="18" elements="24" coveredelements="24"/>
      </file>
      <file name="/home/runner/work/laravel-nostr/laravel-nostr/src/Client/Native/NativeNip05.php">
        <class name="Revolution\Nostr\Client\Native\NativeNip05" namespace="Revolution\Nostr\Client\Native">
          <metrics complexity="1" methods="1" coveredmethods="1" conditionals="0" coveredconditionals="0" statements="13" coveredstatements="13" elements="14" coveredelements="14"/>
        </class>
        <line num="19" type="method" name="profile" visibility="public" complexity="1" crap="1" count="3"/>
        <line num="26" type="stmt" count="3"/>
        <line num="27" type="stmt" count="3"/>
        <line num="28" type="stmt" count="3"/>
        <line num="29" type="stmt" count="3"/>
        <line num="30" type="stmt" count="3"/>
        <line num="31" type="stmt" count="3"/>
        <line num="33" type="stmt" count="3"/>
        <line num="34" type="stmt" count="3"/>
        <line num="35" type="stmt" count="3"/>
        <line num="36" type="stmt" count="3"/>
        <line num="38" type="stmt" count="2"/>
        <line num="39" type="stmt" count="2"/>
        <line num="41" type="stmt" count="2"/>
        <metrics loc="44" ncloc="44" classes="1" methods="1" coveredmethods="1" conditionals="0" coveredconditionals="0" statements="13" coveredstatements="13" elements="14" coveredelements="14"/>
      </file>
      <file name="/home/runner/work/laravel-nostr/laravel-nostr/src/Client/Native/NativeNip19.php">
        <class name="Revolution\Nostr\Client\Native\NativeNip19" namespace="Revolution\Nostr\Client\Native">
          <metrics complexity="7" methods="5" coveredmethods="5" conditionals="0" coveredconditionals="0" statements="22" coveredstatements="22" elements="27" coveredelements="27"/>
        </class>
        <line num="35" type="method" name="decode" visibility="public" complexity="1" crap="1" count="1"/>
        <line num="37" type="stmt" count="1"/>
        <line num="39" type="stmt" count="1"/>
        <line num="47" type="method" name="note" visibility="public" complexity="1" crap="1" count="1"/>
        <line num="49" type="stmt" count="1"/>
        <line num="51" type="stmt" count="1"/>
        <line num="60" type="method" name="nprofile" visibility="public" complexity="1" crap="1" count="1"/>
        <line num="62" type="stmt" count="1"/>
        <line num="64" type="stmt" count="1"/>
        <line num="65" type="stmt" count="1"/>
        <line num="67" type="stmt" count="1"/>
        <line num="76" type="method" name="nevent" visibility="public" complexity="2" crap="2" count="1"/>
        <line num="78" type="stmt" count="1"/>
        <line num="80" type="stmt" count="1"/>
        <line num="81" type="stmt" count="1"/>
        <line num="82" type="stmt" count="1"/>
        <line num="83" type="stmt" count="1"/>
        <line num="84" type="stmt" count="1"/>
        <line num="87" type="stmt" count="1"/>
        <line num="96" type="method" name="naddr" visibility="public" complexity="2" crap="2" count="1"/>
        <line num="98" type="stmt" count="1"/>
        <line num="100" type="stmt" count="1"/>
        <line num="101" type="stmt" count="1"/>
        <line num="102" type="stmt" count="1"/>
        <line num="103" type="stmt" count="1"/>
        <line num="104" type="stmt" count="1"/>
        <line num="106" type="stmt" count="1"/>
        <metrics loc="109" ncloc="79" classes="1" methods="5" coveredmethods="5" conditionals="0" coveredconditionals="0" statements="22" coveredstatements="22" elements="27" coveredelements="27"/>
      </file>
      <file name="/home/runner/work/laravel-nostr/laravel-nostr/src/Client/Native/NativePool.php">
        <class name="Revolution\Nostr\Client\Native\NativePool" namespace="Revolution\Nostr\Client\Native">
          <metrics complexity="8" methods="5" coveredmethods="2" conditionals="0" coveredconditionals="0" statements="27" coveredstatements="24" elements="32" coveredelements="26"/>
        </class>
        <line num="31" type="method" name="__construct" visibility="public" complexity="1" crap="1" count="7"/>
        <line num="33" type="stmt" count="7"/>
        <line num="39" type="method" name="withRelays" visibility="public" complexity="1" crap="1" count="5"/>
        <line num="41" type="stmt" count="5"/>
        <line num="43" type="stmt" count="5"/>
        <line num="46" type="method" name="publish" visibility="public" complexity="2" crap="2.00" count="4"/>
        <line num="48" type="stmt" count="4"/>
        <line num="50" type="stmt" count="4"/>
        <line num="51" type="stmt" count="4"/>
        <line num="52" type="stmt" count="0"/>
        <line num="53" type="stmt" count="4"/>
        <line num="54" type="stmt" count="4"/>
        <line num="55" type="stmt" count="4"/>
        <line num="57" type="stmt" count="4"/>
        <line num="58" type="stmt" count="4"/>
        <line num="59" type="stmt" count="4"/>
        <line num="66" type="method" name="list" visibility="public" complexity="2" crap="2.01" count="1"/>
        <line num="68" type="stmt" count="1"/>
        <line num="70" type="stmt" count="1"/>
        <line num="71" type="stmt" count="1"/>
        <line num="72" type="stmt" count="0"/>
        <line num="73" type="stmt" count="1"/>
        <line num="74" type="stmt" count="1"/>
        <line num="75" type="stmt" count="1"/>
        <line num="82" type="method" name="get" visibility="public" complexity="2" crap="2.01" count="1"/>
        <line num="84" type="stmt" count="1"/>
        <line num="86" type="stmt" count="1"/>
        <line num="87" type="stmt" count="1"/>
        <line num="88" type="stmt" count="0"/>
        <line num="89" type="stmt" count="1"/>
        <line num="90" type="stmt" count="1"/>
        <line num="91" type="stmt" count="1"/>
        <metrics loc="94" ncloc="80" classes="1" methods="5" coveredmethods="2" conditionals="0" coveredconditionals="0" statements="27" coveredstatements="24" elements="32" coveredelements="26"/>
      </file>
      <file name="/home/runner/work/laravel-nostr/laravel-nostr/src/Client/Native/NativeRelay.php">
        <class name="Revolution\Nostr\Client\Native\NativeRelay" namespace="Revolution\Nostr\Client\Native">
          <metrics complexity="4" methods="1" coveredmethods="0" conditionals="0" coveredconditionals="0" statements="22" coveredstatements="19" elements="23" coveredelements="19"/>
        </class>
        <line num="17" type="method" name="info" visibility="public" complexity="4" crap="4.04" count="1"/>
        <line num="19" type="stmt" count="1"/>
        <line num="20" type="stmt" count="1"/>
        <line num="21" type="stmt" count="1"/>
        <line num="22" type="stmt" count="1"/>
        <line num="23" type="stmt" count="1"/>
        <line num="24" type="stmt" count="1"/>
        <line num="25" type="stmt" count="1"/>
        <line num="26" type="stmt" count="1"/>
        <line num="27" type="stmt" count="1"/>
        <line num="29" type="stmt" count="1"/>
        <line num="30" type="stmt" count="1"/>
        <line num="31" type="stmt" count="1"/>
        <line num="32" type="stmt" count="1"/>
        <line num="33" type="stmt" count="1"/>
        <line num="34" type="stmt" count="1"/>
        <line num="36" type="stmt" count="1"/>
        <line num="37" type="stmt" count="1"/>
        <line num="38" type="stmt" count="1"/>
        <line num="39" type="stmt" count="0"/>
        <line num="40" type="stmt" count="0"/>
        <line num="42" type="stmt" count="0"/>
        <line num="44" type="stmt" count="1"/>
        <metrics loc="47" ncloc="43" classes="1" methods="1" coveredmethods="0" conditionals="0" coveredconditionals="0" statements="22" coveredstatements="19" elements="23" coveredelements="19"/>
      </file>
      <file name="/home/runner/work/laravel-nostr/laravel-nostr/src/Client/Native/NativeWebSocket.php">
        <class name="Revolution\Nostr\Client\Native\NativeWebSocket" namespace="Revolution\Nostr\Client\Native">
          <metrics complexity="16" methods="8" coveredmethods="0" conditionals="0" coveredconditionals="0" statements="37" coveredstatements="0" elements="45" coveredelements="0"/>
        </class>
        <line num="29" type="method" name="__construct" visibility="public" complexity="1" crap="2" count="0"/>
        <line num="32" type="stmt" count="0"/>
        <line num="37" type="method" name="publish" visibility="public" complexity="5" crap="30" count="0"/>
        <line num="39" type="stmt" count="0"/>
        <line num="41" type="stmt" count="0"/>
        <line num="42" type="stmt" count="0"/>
        <line num="45" type="stmt" count="0"/>
        <line num="47" type="stmt" count="0"/>
        <line num="49" type="stmt" count="0"/>
        <line num="53" type="stmt" count="0"/>
        <line num="55" type="stmt" count="0"/>
        <line num="56" type="stmt" count="0"/>
        <line num="58" type="stmt" count="0"/>
        <line num="59" type="stmt" count="0"/>
        <line num="62" type="stmt" count="0"/>
        <line num="64" type="stmt" count="0"/>
        <line num="66" type="stmt" count="0"/>
        <line num="72" type="method" name="request" visibility="public" complexity="5" crap="30" count="0"/>
        <line num="74" type="stmt" count="0"/>
        <line num="76" type="stmt" count="0"/>
        <line num="78" type="stmt" count="0"/>
        <line num="80" type="stmt" count="0"/>
        <line num="84" type="stmt" count="0"/>
        <line num="86" type="stmt" count="0"/>
        <line num="87" type="stmt" count="0"/>
        <line num="89" type="stmt" count="0"/>
        <line num="90" type="stmt" count="0"/>
        <line num="93" type="stmt" count="0"/>
        <line num="94" type="stmt" count="0"/>
        <line num="97" type="stmt" count="0"/>
        <line num="99" type="stmt" count="0"/>
        <line num="101" type="stmt" count="0"/>
        <line num="104" type="method" name="list" visibility="public" complexity="1" crap="2" count="0"/>
        <line num="106" type="stmt" count="0"/>
        <line num="109" type="method" name="get" visibility="public" complexity="1" crap="2" count="0"/>
        <line num="111" type="stmt" count="0"/>
        <line num="113" type="stmt" count="0"/>
        <line num="116" type="method" name="timeout" visibility="public" complexity="1" crap="2" count="0"/>
        <line num="118" type="stmt" count="0"/>
        <line num="120" type="stmt" count="0"/>
        <line num="123" type="method" name="getWebSocket" visibility="public" complexity="1" crap="2" count="0"/>
        <line num="125" type="stmt" count="0"/>
        <line num="128" type="method" name="setWebSocket" visibility="public" complexity="1" crap="2" count="0"/>
        <line num="130" type="stmt" count="0"/>
        <line num="132" type="stmt" count="0"/>
        <metrics loc="135" ncloc="127" classes="1" methods="8" coveredmethods="0" conditionals="0" coveredconditionals="0" statements="37" coveredstatements="0" elements="45" coveredelements="0"/>
      </file>
      <file name="/home/runner/work/laravel-nostr/laravel-nostr/src/Client/Native/WebSocketHttpMixin.php">
        <class name="Revolution\Nostr\Client\Native\WebSocketHttpMixin" namespace="Revolution\Nostr\Client\Native">
          <metrics complexity="7" methods="1" coveredmethods="0" conditionals="0" coveredconditionals="0" statements="15" coveredstatements="4" elements="16" coveredelements="4"/>
        </class>
        <line num="21" type="method" name="ws" visibility="public" complexity="7" crap="26.32" count="140"/>
        <line num="23" type="stmt" count="140"/>
        <line num="25" type="stmt" count="9"/>
        <line num="26" type="stmt" count="9"/>
        <line num="29" type="stmt" count="0"/>
        <line num="30" type="stmt" count="0"/>
        <line num="33" type="stmt" count="0"/>
        <line num="35" type="stmt" count="0"/>
        <line num="37" type="stmt" count="0"/>
        <line num="38" type="stmt" count="0"/>
        <line num="42" type="stmt" count="0"/>
        <line num="46" type="stmt" count="0"/>
        <line num="47" type="stmt" count="0"/>
        <line num="48" type="stmt" count="0"/>
        <line num="49" type="stmt" count="0"/>
        <line num="51" type="stmt" count="140"/>
        <metrics loc="54" ncloc="49" classes="1" methods="1" coveredmethods="0" conditionals="0" coveredconditionals="0" statements="15" coveredstatements="4" elements="16" coveredelements="4"/>
      </file>
    </package>
    <package name="Revolution\Nostr\Client\Node\Concerns">
      <file name="/home/runner/work/laravel-nostr/laravel-nostr/src/Client/Node/Concerns/HasHttp.php">
        <class name="Revolution\Nostr\Client\Node\Concerns\HasHttp" namespace="Revolution\Nostr\Client\Node\Concerns">
          <metrics complexity="1" methods="1" coveredmethods="1" conditionals="0" coveredconditionals="0" statements="1" coveredstatements="1" elements="2" coveredelements="2"/>
        </class>
        <line num="13" type="method" name="http" visibility="protected" complexity="1" crap="1" count="37"/>
        <line num="15" type="stmt" count="37"/>
        <metrics loc="18" ncloc="18" classes="1" methods="1" coveredmethods="1" conditionals="0" coveredconditionals="0" statements="1" coveredstatements="1" elements="2" coveredelements="2"/>
      </file>
    </package>
    <package name="Revolution\Nostr\Client\Node">
      <file name="/home/runner/work/laravel-nostr/laravel-nostr/src/Client/Node/NodeClient.php">
        <class name="Revolution\Nostr\Client\Node\NodeClient" namespace="Revolution\Nostr\Client\Node">
          <metrics complexity="7" methods="7" coveredmethods="5" conditionals="0" coveredconditionals="0" statements="7" coveredstatements="5" elements="14" coveredelements="10"/>
        </class>
        <line num="23" type="method" name="key" visibility="public" complexity="1" crap="1" count="8"/>
        <line num="25" type="stmt" count="8"/>
        <line num="28" type="method" name="event" visibility="public" complexity="1" crap="1" count="25"/>
        <line num="30" type="stmt" count="25"/>
        <line num="33" type="method" name="pool" visibility="public" complexity="1" crap="1" count="6"/>
        <line num="35" type="stmt" count="6"/>
        <line num="38" type="method" name="relay" visibility="public" complexity="1" crap="2" count="0"/>
        <line num="40" type="stmt" count="0"/>
        <line num="43" type="method" name="nip04" visibility="public" complexity="1" crap="1" count="2"/>
        <line num="45" type="stmt" count="2"/>
        <line num="48" type="method" name="nip05" visibility="public" complexity="1" crap="2" count="0"/>
        <line num="50" type="stmt" count="0"/>
        <line num="53" type="method" name="nip19" visibility="public" complexity="1" crap="1" count="5"/>
        <line num="55" type="stmt" count="5"/>
        <metrics loc="58" ncloc="55" classes="1" methods="7" coveredmethods="5" conditionals="0" coveredconditionals="0" statements="7" coveredstatements="5" elements="14" coveredelements="10"/>
      </file>
      <file name="/home/runner/work/laravel-nostr/laravel-nostr/src/Client/Node/NodeEvent.php">
        <class name="Revolution\Nostr\Client\Node\NodeEvent" namespace="Revolution\Nostr\Client\Node">
          <metrics complexity="8" methods="8" coveredmethods="8" conditionals="0" coveredconditionals="0" statements="29" coveredstatements="29" elements="37" coveredelements="37"/>
        </class>
        <line num="27" type="method" name="__construct" visibility="public" complexity="1" crap="1" count="25"/>
        <line num="29" type="stmt" count="25"/>
        <line num="32" type="method" name="withRelay" visibility="public" complexity="1" crap="1" count="1"/>
        <line num="34" type="stmt" count="1"/>
        <line num="36" type="stmt" count="1"/>
        <line num="39" type="method" name="publish" visibility="public" complexity="1" crap="1" count="11"/>
        <line num="41" type="stmt" count="11"/>
        <line num="43" type="stmt" count="11"/>
        <line num="44" type="stmt" count="11"/>
        <line num="45" type="stmt" count="11"/>
        <line num="46" type="stmt" count="11"/>
        <line num="47" type="stmt" count="11"/>
        <line num="50" type="method" name="list" visibility="public" complexity="1" crap="1" count="3"/>
        <line num="52" type="stmt" count="3"/>
        <line num="54" type="stmt" count="3"/>
        <line num="55" type="stmt" count="3"/>
        <line num="56" type="stmt" count="3"/>
        <line num="57" type="stmt" count="3"/>
        <line num="60" type="method" name="get" visibility="public" complexity="1" crap="1" count="8"/>
        <line num="62" type="stmt" count="8"/>
        <line num="64" type="stmt" count="8"/>
        <line num="65" type="stmt" count="8"/>
        <line num="66" type="stmt" count="8"/>
        <line num="67" type="stmt" count="8"/>
        <line num="70" type="method" name="hash" visibility="public" complexity="1" crap="1" count="1"/>
        <line num="72" type="stmt" count="1"/>
        <line num="73" type="stmt" count="1"/>
        <line num="74" type="stmt" count="1"/>
        <line num="77" type="method" name="sign" visibility="public" complexity="1" crap="1" count="1"/>
        <line num="79" type="stmt" count="1"/>
        <line num="80" type="stmt" count="1"/>
        <line num="81" type="stmt" count="1"/>
        <line num="82" type="stmt" count="1"/>
        <line num="85" type="method" name="verify" visibility="public" complexity="1" crap="1" count="1"/>
        <line num="87" type="stmt" count="1"/>
        <line num="88" type="stmt" count="1"/>
        <line num="89" type="stmt" count="1"/>
        <metrics loc="92" ncloc="89" classes="1" methods="8" coveredmethods="8" conditionals="0" coveredconditionals="0" statements="29" coveredstatements="29" elements="37" coveredelements="37"/>
      </file>
      <file name="/home/runner/work/laravel-nostr/laravel-nostr/src/Client/Node/NodeKey.php">
        <class name="Revolution\Nostr\Client\Node\NodeKey" namespace="Revolution\Nostr\Client\Node">
          <metrics complexity="5" methods="5" coveredmethods="5" conditionals="0" coveredconditionals="0" statements="13" coveredstatements="13" elements="18" coveredelements="18"/>
        </class>
        <line num="19" type="method" name="generate" visibility="public" complexity="1" crap="1" count="3"/>
        <line num="21" type="stmt" count="3"/>
        <line num="24" type="method" name="fromSecretKey" visibility="public" complexity="1" crap="1" count="1"/>
        <line num="26" type="stmt" count="1"/>
        <line num="27" type="stmt" count="1"/>
        <line num="28" type="stmt" count="1"/>
        <line num="31" type="method" name="fromNsec" visibility="public" complexity="1" crap="1" count="1"/>
        <line num="33" type="stmt" count="1"/>
        <line num="34" type="stmt" count="1"/>
        <line num="35" type="stmt" count="1"/>
        <line num="38" type="method" name="fromPublicKey" visibility="public" complexity="1" crap="1" count="1"/>
        <line num="40" type="stmt" count="1"/>
        <line num="41" type="stmt" count="1"/>
        <line num="42" type="stmt" count="1"/>
        <line num="45" type="method" name="fromNpub" visibility="public" complexity="1" crap="1" count="1"/>
        <line num="47" type="stmt" count="1"/>
        <line num="48" type="stmt" count="1"/>
        <line num="49" type="stmt" count="1"/>
        <metrics loc="52" ncloc="52" classes="1" methods="5" coveredmethods="5" conditionals="0" coveredconditionals="0" statements="13" coveredstatements="13" elements="18" coveredelements="18"/>
      </file>
      <file name="/home/runner/work/laravel-nostr/laravel-nostr/src/Client/Node/NodeNip04.php">
        <class name="Revolution\Nostr\Client\Node\NodeNip04" namespace="Revolution\Nostr\Client\Node">
          <metrics complexity="2" methods="2" coveredmethods="2" conditionals="0" coveredconditionals="0" statements="4" coveredstatements="4" elements="6" coveredelements="6"/>
        </class>
        <line num="22" type="method" name="encrypt" visibility="public" complexity="1" crap="1" count="1"/>
        <line num="24" type="stmt" count="1"/>
        <line num="25" type="stmt" count="1"/>
        <line num="32" type="method" name="decrypt" visibility="public" complexity="1" crap="1" count="1"/>
        <line num="34" type="stmt" count="1"/>
        <line num="35" type="stmt" count="1"/>
        <metrics loc="38" ncloc="30" classes="1" methods="2" coveredmethods="2" conditionals="0" coveredconditionals="0" statements="4" coveredstatements="4" elements="6" coveredelements="6"/>
      </file>
      <file name="/home/runner/work/laravel-nostr/laravel-nostr/src/Client/Node/NodeNip19.php">
        <class name="Revolution\Nostr\Client\Node\NodeNip19" namespace="Revolution\Nostr\Client\Node">
          <metrics complexity="5" methods="5" coveredmethods="5" conditionals="0" coveredconditionals="0" statements="15" coveredstatements="15" elements="20" coveredelements="20"/>
        </class>
        <line num="26" type="method" name="decode" visibility="public" complexity="1" crap="1" count="1"/>
        <line num="28" type="stmt" count="1"/>
        <line num="29" type="stmt" count="1"/>
        <line num="30" type="stmt" count="1"/>
        <line num="36" type="method" name="note" visibility="public" complexity="1" crap="1" count="1"/>
        <line num="38" type="stmt" count="1"/>
        <line num="39" type="stmt" count="1"/>
        <line num="40" type="stmt" count="1"/>
        <line num="46" type="method" name="nprofile" visibility="public" complexity="1" crap="1" count="1"/>
        <line num="48" type="stmt" count="1"/>
        <line num="49" type="stmt" count="1"/>
        <line num="50" type="stmt" count="1"/>
        <line num="56" type="method" name="nevent" visibility="public" complexity="1" crap="1" count="1"/>
        <line num="58" type="stmt" count="1"/>
        <line num="59" type="stmt" count="1"/>
        <line num="60" type="stmt" count="1"/>
        <line num="66" type="method" name="naddr" visibility="public" complexity="1" crap="1" count="1"/>
        <line num="68" type="stmt" count="1"/>
        <line num="69" type="stmt" count="1"/>
        <line num="70" type="stmt" count="1"/>
        <metrics loc="73" ncloc="56" classes="1" methods="5" coveredmethods="5" conditionals="0" coveredconditionals="0" statements="15" coveredstatements="15" elements="20" coveredelements="20"/>
      </file>
      <file name="/home/runner/work/laravel-nostr/laravel-nostr/src/Client/Node/NodePool.php">
        <class name="Revolution\Nostr\Client\Node\NodePool" namespace="Revolution\Nostr\Client\Node">
          <metrics complexity="11" methods="8" coveredmethods="8" conditionals="0" coveredconditionals="0" statements="53" coveredstatements="53" elements="61" coveredelements="61"/>
        </class>
        <line num="27" type="method" name="__construct" visibility="public" complexity="1" crap="1" count="6"/>
        <line num="29" type="stmt" count="6"/>
        <line num="32" type="method" name="withRelays" visibility="public" complexity="1" crap="1" count="5"/>
        <line num="34" type="stmt" count="5"/>
        <line num="36" type="stmt" count="5"/>
        <line num="39" type="method" name="publish" visibility="public" complexity="2" crap="2" count="4"/>
        <line num="41" type="stmt" count="4"/>
        <line num="43" type="stmt" count="4"/>
        <line num="44" type="stmt" count="4"/>
        <line num="45" type="stmt" count="4"/>
        <line num="46" type="stmt" count="4"/>
        <line num="47" type="stmt" count="4"/>
        <line num="48" type="stmt" count="4"/>
        <line num="49" type="stmt" count="4"/>
        <line num="50" type="stmt" count="4"/>
        <line num="53" type="method" name="publishRequests" visibility="private" complexity="1" crap="1" count="4"/>
        <line num="55" type="stmt" count="4"/>
        <line num="56" type="stmt" count="4"/>
        <line num="57" type="stmt" count="4"/>
        <line num="58" type="stmt" count="4"/>
        <line num="59" type="stmt" count="4"/>
        <line num="60" type="stmt" count="4"/>
        <line num="61" type="stmt" count="4"/>
        <line num="62" type="stmt" count="4"/>
        <line num="63" type="stmt" count="4"/>
        <line num="66" type="method" name="list" visibility="public" complexity="2" crap="2" count="1"/>
        <line num="68" type="stmt" count="1"/>
        <line num="70" type="stmt" count="1"/>
        <line num="71" type="stmt" count="1"/>
        <line num="72" type="stmt" count="1"/>
        <line num="73" type="stmt" count="1"/>
        <line num="74" type="stmt" count="1"/>
        <line num="75" type="stmt" count="1"/>
        <line num="76" type="stmt" count="1"/>
        <line num="79" type="method" name="listRequests" visibility="private" complexity="1" crap="1" count="1"/>
        <line num="81" type="stmt" count="1"/>
        <line num="82" type="stmt" count="1"/>
        <line num="83" type="stmt" count="1"/>
        <line num="84" type="stmt" count="1"/>
        <line num="85" type="stmt" count="1"/>
        <line num="86" type="stmt" count="1"/>
        <line num="87" type="stmt" count="1"/>
        <line num="88" type="stmt" count="1"/>
        <line num="91" type="method" name="get" visibility="public" complexity="2" crap="2" count="1"/>
        <line num="93" type="stmt" count="1"/>
        <line num="95" type="stmt" count="1"/>
        <line num="96" type="stmt" count="1"/>
        <line num="97" type="stmt" count="1"/>
        <line num="98" type="stmt" count="1"/>
        <line num="99" type="stmt" count="1"/>
        <line num="100" type="stmt" count="1"/>
        <line num="101" type="stmt" count="1"/>
        <line num="104" type="method" name="getRequests" visibility="private" complexity="1" crap="1" count="1"/>
        <line num="106" type="stmt" count="1"/>
        <line num="107" type="stmt" count="1"/>
        <line num="108" type="stmt" count="1"/>
        <line num="109" type="stmt" count="1"/>
        <line num="110" type="stmt" count="1"/>
        <line num="111" type="stmt" count="1"/>
        <line num="112" type="stmt" count="1"/>
        <line num="113" type="stmt" count="1"/>
        <metrics loc="116" ncloc="113" classes="1" methods="8" coveredmethods="8" conditionals="0" coveredconditionals="0" statements="53" coveredstatements="53" elements="61" coveredelements="61"/>
      </file>
    </package>
    <file name="/home/runner/work/laravel-nostr/laravel-nostr/src/Contracts/Client/ClientEvent.php">
      <metrics loc="50" ncloc="25" classes="0" methods="0" coveredmethods="0" conditionals="0" coveredconditionals="0" statements="0" coveredstatements="0" elements="0" coveredelements="0"/>
    </file>
    <file name="/home/runner/work/laravel-nostr/laravel-nostr/src/Contracts/Client/ClientKey.php">
      <metrics loc="19" ncloc="19" classes="0" methods="0" coveredmethods="0" conditionals="0" coveredconditionals="0" statements="0" coveredstatements="0" elements="0" coveredelements="0"/>
    </file>
    <file name="/home/runner/work/laravel-nostr/laravel-nostr/src/Contracts/Client/ClientPool.php">
      <metrics loc="39" ncloc="19" classes="0" methods="0" coveredmethods="0" conditionals="0" coveredconditionals="0" statements="0" coveredstatements="0" elements="0" coveredelements="0"/>
    </file>
    <file name="/home/runner/work/laravel-nostr/laravel-nostr/src/Contracts/NostrDriver.php">
      <metrics loc="25" ncloc="25" classes="0" methods="0" coveredmethods="0" conditionals="0" coveredconditionals="0" statements="0" coveredstatements="0" elements="0" coveredelements="0"/>
    </file>
    <package name="Revolution\Nostr">
      <file name="/home/runner/work/laravel-nostr/laravel-nostr/src/Event.php">
        <class name="Revolution\Nostr\Event" namespace="Revolution\Nostr">
          <metrics complexity="25" methods="18" coveredmethods="18" conditionals="0" coveredconditionals="0" statements="65" coveredstatements="65" elements="83" coveredelements="83"/>
        </class>
        <line num="31" type="method" name="__construct" visibility="public" complexity="2" crap="2" count="54"/>
        <line num="37" type="stmt" count="54"/>
        <line num="38" type="stmt" count="16"/>
        <line num="45" type="method" name="make" visibility="public" complexity="1" crap="1" count="29"/>
        <line num="51" type="stmt" count="29"/>
        <line num="57" type="method" name="makeSigned" visibility="public" complexity="1" crap="1" count="13"/>
        <line num="66" type="stmt" count="13"/>
        <line num="67" type="stmt" count="13"/>
        <line num="68" type="stmt" count="13"/>
        <line num="69" type="stmt" count="13"/>
        <line num="70" type="stmt" count="13"/>
        <line num="71" type="stmt" count="13"/>
        <line num="87" type="method" name="fromArray" visibility="public" complexity="1" crap="1" count="6"/>
        <line num="89" type="stmt" count="6"/>
        <line num="92" type="method" name="validate" visibility="public" complexity="1" crap="1" count="7"/>
        <line num="94" type="stmt" count="7"/>
        <line num="95" type="stmt" count="7"/>
        <line num="96" type="stmt" count="7"/>
        <line num="97" type="stmt" count="7"/>
        <line num="98" type="stmt" count="7"/>
        <line num="99" type="stmt" count="7"/>
        <line num="100" type="stmt" count="7"/>
        <line num="101" type="stmt" count="7"/>
        <line num="102" type="stmt" count="7"/>
        <line num="105" type="method" name="withId" visibility="public" complexity="1" crap="1" count="18"/>
        <line num="107" type="stmt" count="18"/>
        <line num="109" type="stmt" count="18"/>
        <line num="112" type="method" name="withPublicKey" visibility="public" complexity="1" crap="1" count="19"/>
        <line num="114" type="stmt" count="19"/>
        <line num="116" type="stmt" count="19"/>
        <line num="119" type="method" name="withSign" visibility="public" complexity="1" crap="1" count="17"/>
        <line num="121" type="stmt" count="17"/>
        <line num="123" type="stmt" count="17"/>
        <line num="126" type="method" name="isUnsigned" visibility="public" complexity="1" crap="1" count="1"/>
        <line num="128" type="stmt" count="1"/>
        <line num="131" type="method" name="isSigned" visibility="public" complexity="1" crap="1" count="2"/>
        <line num="133" type="stmt" count="2"/>
        <line num="136" type="method" name="sign" visibility="public" complexity="1" crap="1" count="3"/>
        <line num="138" type="stmt" count="3"/>
        <line num="139" type="stmt" count="3"/>
        <line num="140" type="stmt" count="3"/>
        <line num="141" type="stmt" count="3"/>
        <line num="142" type="stmt" count="3"/>
        <line num="143" type="stmt" count="3"/>
        <line num="144" type="stmt" count="3"/>
        <line num="145" type="stmt" count="3"/>
        <line num="146" type="stmt" count="3"/>
        <line num="147" type="stmt" count="3"/>
        <line num="155" type="method" name="hash" visibility="public" complexity="1" crap="1" count="6"/>
        <line num="157" type="stmt" count="6"/>
        <line num="159" type="stmt" count="5"/>
        <line num="160" type="stmt" count="5"/>
        <line num="161" type="stmt" count="5"/>
        <line num="162" type="stmt" count="5"/>
        <line num="163" type="stmt" count="5"/>
        <line num="164" type="stmt" count="5"/>
        <line num="165" type="stmt" count="5"/>
        <line num="166" type="stmt" count="5"/>
        <line num="168" type="stmt" count="5"/>
        <line num="171" type="method" name="rootId" visibility="public" complexity="2" crap="2" count="5"/>
        <line num="173" type="stmt" count="5"/>
        <line num="174" type="stmt" count="5"/>
        <line num="176" type="stmt" count="5"/>
        <line num="179" type="method" name="replyId" visibility="public" complexity="2" crap="2" count="1"/>
        <line num="181" type="stmt" count="1"/>
        <line num="182" type="stmt" count="1"/>
        <line num="184" type="stmt" count="1"/>
        <line num="198" type="method" name="toArray" visibility="public" complexity="2" crap="2" count="30"/>
        <line num="200" type="stmt" count="30"/>
        <line num="201" type="stmt" count="30"/>
        <line num="202" type="stmt" count="30"/>
        <line num="203" type="stmt" count="30"/>
        <line num="204" type="stmt" count="30"/>
        <line num="207" type="method" name="castTags" visibility="protected" complexity="4" crap="4" count="30"/>
        <line num="209" type="stmt" count="30"/>
        <line num="210" type="stmt" count="30"/>
        <line num="211" type="stmt" count="30"/>
        <line num="212" type="stmt" count="30"/>
        <line num="215" type="stmt" count="30"/>
        <line num="218" type="method" name="toJson" visibility="public" complexity="1" crap="1" count="1"/>
        <line num="220" type="stmt" count="1"/>
        <line num="223" type="method" name="__toString" visibility="public" complexity="1" crap="1" count="1"/>
        <line num="225" type="stmt" count="1"/>
        <metrics loc="228" ncloc="193" classes="1" methods="18" coveredmethods="18" conditionals="0" coveredconditionals="0" statements="65" coveredstatements="65" elements="83" coveredelements="83"/>
      </file>
      <file name="/home/runner/work/laravel-nostr/laravel-nostr/src/Filter.php">
        <class name="Revolution\Nostr\Filter" namespace="Revolution\Nostr">
          <metrics complexity="15" methods="8" coveredmethods="6" conditionals="0" coveredconditionals="0" statements="34" coveredstatements="32" elements="42" coveredelements="38"/>
        </class>
        <line num="24" type="method" name="__construct" visibility="public" complexity="1" crap="1" count="30"/>
        <line num="32" type="stmt" count="30"/>
        <line num="39" type="method" name="make" visibility="public" complexity="1" crap="1" count="8"/>
        <line num="48" type="stmt" count="8"/>
        <line num="51" type="method" name="fromArray" visibility="public" complexity="4" crap="4.01" count="1"/>
        <line num="53" type="stmt" count="1"/>
        <line num="54" type="stmt" count="1"/>
        <line num="55" type="stmt" count="1"/>
        <line num="56" type="stmt" count="1"/>
        <line num="58" type="stmt" count="1"/>
        <line num="60" type="stmt" count="1"/>
        <line num="61" type="stmt" count="1"/>
        <line num="64" type="stmt" count="1"/>
        <line num="65" type="stmt" count="1"/>
        <line num="68" type="stmt" count="1"/>
        <line num="69" type="stmt" count="0"/>
        <line num="72" type="stmt" count="1"/>
        <line num="85" type="method" name="with" visibility="public" complexity="1" crap="1" count="3"/>
        <line num="87" type="stmt" count="3"/>
        <line num="89" type="stmt" count="3"/>
        <line num="103" type="method" name="toArray" visibility="public" complexity="3" crap="3.01" count="17"/>
        <line num="105" type="stmt" count="17"/>
        <line num="106" type="stmt" count="17"/>
        <line num="107" type="stmt" count="17"/>
        <line num="108" type="stmt" count="17"/>
        <line num="109" type="stmt" count="17"/>
        <line num="110" type="stmt" count="0"/>
        <line num="113" type="stmt" count="17"/>
        <line num="114" type="stmt" count="17"/>
        <line num="115" type="stmt" count="17"/>
        <line num="116" type="stmt" count="17"/>
        <line num="117" type="stmt" count="17"/>
        <line num="123" type="method" name="castEnum" visibility="protected" complexity="3" crap="3" count="17"/>
        <line num="125" type="stmt" count="17"/>
        <line num="126" type="stmt" count="17"/>
        <line num="127" type="stmt" count="17"/>
        <line num="128" type="stmt" count="17"/>
        <line num="131" type="stmt" count="17"/>
        <line num="134" type="method" name="toJson" visibility="public" complexity="1" crap="1" count="2"/>
        <line num="136" type="stmt" count="2"/>
        <line num="139" type="method" name="__toString" visibility="public" complexity="1" crap="1" count="1"/>
        <line num="141" type="stmt" count="1"/>
        <metrics loc="144" ncloc="110" classes="1" methods="8" coveredmethods="6" conditionals="0" coveredconditionals="0" statements="34" coveredstatements="32" elements="42" coveredelements="38"/>
      </file>
      <file name="/home/runner/work/laravel-nostr/laravel-nostr/src/Kind.php">
        <class name="Revolution\Nostr\Kind" namespace="Revolution\Nostr">
          <metrics complexity="0" methods="0" coveredmethods="0" conditionals="0" coveredconditionals="0" statements="0" coveredstatements="0" elements="0" coveredelements="0"/>
        </class>
        <metrics loc="49" ncloc="49" classes="0" methods="0" coveredmethods="0" conditionals="0" coveredconditionals="0" statements="0" coveredstatements="0" elements="0" coveredelements="0"/>
      </file>
      <file name="/home/runner/work/laravel-nostr/laravel-nostr/src/NostrManager.php">
        <class name="Revolution\Nostr\NostrManager" namespace="Revolution\Nostr">
          <metrics complexity="5" methods="5" coveredmethods="5" conditionals="0" coveredconditionals="0" statements="5" coveredstatements="5" elements="10" coveredelements="10"/>
        </class>
        <line num="12" type="method" name="getDefaultDriver" visibility="public" complexity="1" crap="1" count="9"/>
        <line num="14" type="stmt" count="9"/>
        <line num="17" type="method" name="createNodeDriver" visibility="protected" complexity="1" crap="1" count="44"/>
        <line num="19" type="stmt" count="44"/>
        <line num="22" type="method" name="createNativeDriver" visibility="protected" complexity="1" crap="1" count="47"/>
        <line num="24" type="stmt" count="47"/>
        <line num="27" type="method" name="node" visibility="public" complexity="1" crap="1" count="1"/>
        <line num="29" type="stmt" count="1"/>
        <line num="32" type="method" name="native" visibility="public" complexity="1" crap="1" count="29"/>
        <line num="34" type="stmt" count="29"/>
        <metrics loc="37" ncloc="37" classes="1" methods="5" coveredmethods="5" conditionals="0" coveredconditionals="0" statements="5" coveredstatements="5" elements="10" coveredelements="10"/>
      </file>
      <file name="/home/runner/work/laravel-nostr/laravel-nostr/src/Profile.php">
        <class name="Revolution\Nostr\Profile" namespace="Revolution\Nostr">
          <metrics complexity="6" methods="6" coveredmethods="6" conditionals="0" coveredconditionals="0" statements="6" coveredstatements="6" elements="12" coveredelements="12"/>
        </class>
        <line num="14" type="method" name="__construct" visibility="public" complexity="1" crap="1" count="10"/>
        <line num="24" type="stmt" count="10"/>
        <line num="39" type="method" name="fromArray" visibility="public" complexity="1" crap="1" count="2"/>
        <line num="41" type="stmt" count="2"/>
        <line num="44" type="method" name="fromJson" visibility="public" complexity="1" crap="1" count="1"/>
        <line num="46" type="stmt" count="1"/>
        <line num="49" type="method" name="toArray" visibility="public" complexity="1" crap="1" count="7"/>
        <line num="62" type="stmt" count="7"/>
        <line num="65" type="method" name="toJson" visibility="public" complexity="1" crap="1" count="4"/>
        <line num="67" type="stmt" count="4"/>
        <line num="70" type="method" name="__toString" visibility="public" complexity="1" crap="1" count="1"/>
        <line num="72" type="stmt" count="1"/>
        <metrics loc="75" ncloc="62" classes="1" methods="6" coveredmethods="6" conditionals="0" coveredconditionals="0" statements="6" coveredstatements="6" elements="12" coveredelements="12"/>
      </file>
    </package>
    <package name="Revolution\Nostr\Exceptions">
      <file name="/home/runner/work/laravel-nostr/laravel-nostr/src/Exceptions/EventNotFoundException.php">
        <class name="Revolution\Nostr\Exceptions\EventNotFoundException" namespace="Revolution\Nostr\Exceptions">
          <metrics complexity="0" methods="0" coveredmethods="0" conditionals="0" coveredconditionals="0" statements="0" coveredstatements="0" elements="0" coveredelements="0"/>
        </class>
        <metrics loc="10" ncloc="10" classes="0" methods="0" coveredmethods="0" conditionals="0" coveredconditionals="0" statements="0" coveredstatements="0" elements="0" coveredelements="0"/>
      </file>
    </package>
    <package name="Revolution\Nostr\Facades">
      <file name="/home/runner/work/laravel-nostr/laravel-nostr/src/Facades/Nostr.php">
        <class name="Revolution\Nostr\Facades\Nostr" namespace="Revolution\Nostr\Facades">
          <metrics complexity="1" methods="1" coveredmethods="1" conditionals="0" coveredconditionals="0" statements="1" coveredstatements="1" elements="2" coveredelements="2"/>
        </class>
        <line num="36" type="method" name="getFacadeAccessor" visibility="protected" complexity="1" crap="1" count="91"/>
        <line num="38" type="stmt" count="91"/>
        <metrics loc="41" ncloc="24" classes="1" methods="1" coveredmethods="1" conditionals="0" coveredconditionals="0" statements="1" coveredstatements="1" elements="2" coveredelements="2"/>
      </file>
      <file name="/home/runner/work/laravel-nostr/laravel-nostr/src/Facades/Social.php">
        <class name="Revolution\Nostr\Facades\Social" namespace="Revolution\Nostr\Facades">
          <metrics complexity="1" methods="1" coveredmethods="1" conditionals="0" coveredconditionals="0" statements="1" coveredstatements="1" elements="2" coveredelements="2"/>
        </class>
        <line num="42" type="method" name="getFacadeAccessor" visibility="protected" complexity="1" crap="1" count="2"/>
        <line num="44" type="stmt" count="2"/>
        <metrics loc="47" ncloc="19" classes="1" methods="1" coveredmethods="1" conditionals="0" coveredconditionals="0" statements="1" coveredstatements="1" elements="2" coveredelements="2"/>
      </file>
    </package>
    <package name="Revolution\Nostr\Message">
      <file name="/home/runner/work/laravel-nostr/laravel-nostr/src/Message/PublishEventMessage.php">
        <class name="Revolution\Nostr\Message\PublishEventMessage" namespace="Revolution\Nostr\Message">
          <metrics complexity="6" methods="4" coveredmethods="0" conditionals="0" coveredconditionals="0" statements="8" coveredstatements="0" elements="12" coveredelements="0"/>
        </class>
        <line num="14" type="method" name="__construct" visibility="public" complexity="1" crap="2" count="0"/>
        <line num="16" type="stmt" count="0"/>
        <line num="18" type="method" name="make" visibility="public" complexity="1" crap="2" count="0"/>
        <line num="20" type="stmt" count="0"/>
        <line num="23" type="method" name="toJson" visibility="public" complexity="3" crap="12" count="0"/>
        <line num="25" type="stmt" count="0"/>
        <line num="26" type="stmt" count="0"/>
        <line num="29" type="stmt" count="0"/>
        <line num="30" type="stmt" count="0"/>
        <line num="33" type="stmt" count="0"/>
        <line num="36" type="method" name="__toString" visibility="public" complexity="1" crap="2" count="0"/>
        <line num="38" type="stmt" count="0"/>
        <metrics loc="41" ncloc="41" classes="1" methods="4" coveredmethods="0" conditionals="0" coveredconditionals="0" statements="8" coveredstatements="0" elements="12" coveredelements="0"/>
      </file>
      <file name="/home/runner/work/laravel-nostr/laravel-nostr/src/Message/RequestEventMessage.php">
        <class name="Revolution\Nostr\Message\RequestEventMessage" namespace="Revolution\Nostr\Message">
          <metrics complexity="6" methods="5" coveredmethods="0" conditionals="0" coveredconditionals="0" statements="9" coveredstatements="0" elements="14" coveredelements="0"/>
        </class>
        <line num="18" type="method" name="__construct" visibility="public" complexity="1" crap="2" count="0"/>
        <line num="20" type="stmt" count="0"/>
        <line num="21" type="stmt" count="0"/>
        <line num="24" type="method" name="make" visibility="public" complexity="1" crap="2" count="0"/>
        <line num="26" type="stmt" count="0"/>
        <line num="29" type="method" name="addFilter" visibility="public" complexity="1" crap="2" count="0"/>
        <line num="31" type="stmt" count="0"/>
        <line num="33" type="stmt" count="0"/>
        <line num="36" type="method" name="toJson" visibility="public" complexity="2" crap="6" count="0"/>
        <line num="38" type="stmt" count="0"/>
        <line num="39" type="stmt" count="0"/>
        <line num="42" type="stmt" count="0"/>
        <line num="45" type="method" name="__toString" visibility="public" complexity="1" crap="2" count="0"/>
        <line num="47" type="stmt" count="0"/>
        <metrics loc="50" ncloc="50" classes="1" methods="5" coveredmethods="0" conditionals="0" coveredconditionals="0" statements="9" coveredstatements="0" elements="14" coveredelements="0"/>
      </file>
    </package>
    <package name="Revolution\Nostr\Nip19">
      <file name="/home/runner/work/laravel-nostr/laravel-nostr/src/Nip19/AddressPointer.php">
        <class name="Revolution\Nostr\Nip19\AddressPointer" namespace="Revolution\Nostr\Nip19">
          <metrics complexity="4" methods="3" coveredmethods="3" conditionals="0" coveredconditionals="0" statements="5" coveredstatements="5" elements="8" coveredelements="8"/>
        </class>
        <line num="13" type="method" name="__construct" visibility="public" complexity="1" crap="1" count="2"/>
        <line num="18" type="stmt" count="2"/>
        <line num="20" type="method" name="make" visibility="public" complexity="1" crap="1" count="2"/>
        <line num="26" type="stmt" count="2"/>
        <line num="29" type="method" name="toArray" visibility="public" complexity="2" crap="2" count="2"/>
        <line num="31" type="stmt" count="2"/>
        <line num="32" type="stmt" count="2"/>
        <line num="33" type="stmt" count="2"/>
        <metrics loc="36" ncloc="36" classes="1" methods="3" coveredmethods="3" conditionals="0" coveredconditionals="0" statements="5" coveredstatements="5" elements="8" coveredelements="8"/>
      </file>
      <file name="/home/runner/work/laravel-nostr/laravel-nostr/src/Nip19/EventPointer.php">
        <class name="Revolution\Nostr\Nip19\EventPointer" namespace="Revolution\Nostr\Nip19">
          <metrics complexity="3" methods="3" coveredmethods="3" conditionals="0" coveredconditionals="0" statements="3" coveredstatements="3" elements="6" coveredelements="6"/>
        </class>
        <line num="11" type="method" name="__construct" visibility="public" complexity="1" crap="1" count="2"/>
        <line num="15" type="stmt" count="2"/>
        <line num="17" type="method" name="make" visibility="public" complexity="1" crap="1" count="2"/>
        <line num="22" type="stmt" count="2"/>
        <line num="25" type="method" name="toArray" visibility="public" complexity="1" crap="1" count="2"/>
        <line num="27" type="stmt" count="2"/>
        <metrics loc="30" ncloc="30" classes="1" methods="3" coveredmethods="3" conditionals="0" coveredconditionals="0" statements="3" coveredstatements="3" elements="6" coveredelements="6"/>
      </file>
      <file name="/home/runner/work/laravel-nostr/laravel-nostr/src/Nip19/ProfilePointer.php">
        <class name="Revolution\Nostr\Nip19\ProfilePointer" namespace="Revolution\Nostr\Nip19">
          <metrics complexity="3" methods="3" coveredmethods="3" conditionals="0" coveredconditionals="0" statements="3" coveredstatements="3" elements="6" coveredelements="6"/>
        </class>
        <line num="11" type="method" name="__construct" visibility="public" complexity="1" crap="1" count="2"/>
        <line num="14" type="stmt" count="2"/>
        <line num="16" type="method" name="make" visibility="public" complexity="1" crap="1" count="2"/>
        <line num="20" type="stmt" count="2"/>
        <line num="23" type="method" name="toArray" visibility="public" complexity="1" crap="1" count="2"/>
        <line num="25" type="stmt" count="2"/>
        <metrics loc="28" ncloc="28" classes="1" methods="3" coveredmethods="3" conditionals="0" coveredconditionals="0" statements="3" coveredstatements="3" elements="6" coveredelements="6"/>
      </file>
    </package>
    <package name="Revolution\Nostr\Notifications">
      <file name="/home/runner/work/laravel-nostr/laravel-nostr/src/Notifications/NostrChannel.php">
        <class name="Revolution\Nostr\Notifications\NostrChannel" namespace="Revolution\Nostr\Notifications">
          <metrics complexity="5" methods="2" coveredmethods="2" conditionals="0" coveredconditionals="0" statements="20" coveredstatements="20" elements="22" coveredelements="22"/>
        </class>
        <line num="18" type="method" name="send" visibility="public" complexity="4" crap="4" count="8"/>
        <line num="21" type="stmt" count="8"/>
        <line num="23" type="stmt" count="8"/>
        <line num="28" type="stmt" count="8"/>
        <line num="30" type="stmt" count="8"/>
        <line num="34" type="stmt" count="8"/>
        <line num="36" type="stmt" count="8"/>
        <line num="37" type="stmt" count="2"/>
        <line num="40" type="stmt" count="6"/>
        <line num="43" type="method" name="publish" visibility="protected" complexity="1" crap="1" count="6"/>
        <line num="45" type="stmt" count="6"/>
        <line num="46" type="stmt" count="6"/>
        <line num="47" type="stmt" count="6"/>
        <line num="48" type="stmt" count="6"/>
        <line num="49" type="stmt" count="6"/>
        <line num="50" type="stmt" count="6"/>
        <line num="52" type="stmt" count="6"/>
        <line num="53" type="stmt" count="6"/>
        <line num="54" type="stmt" count="6"/>
        <line num="55" type="stmt" count="6"/>
        <line num="56" type="stmt" count="6"/>
        <line num="57" type="stmt" count="6"/>
        <metrics loc="60" ncloc="53" classes="1" methods="2" coveredmethods="2" conditionals="0" coveredconditionals="0" statements="20" coveredstatements="20" elements="22" coveredelements="22"/>
      </file>
      <file name="/home/runner/work/laravel-nostr/laravel-nostr/src/Notifications/NostrMessage.php">
        <class name="Revolution\Nostr\Notifications\NostrMessage" namespace="Revolution\Nostr\Notifications">
          <metrics complexity="3" methods="3" coveredmethods="3" conditionals="0" coveredconditionals="0" statements="3" coveredstatements="3" elements="6" coveredelements="6"/>
        </class>
        <line num="12" type="method" name="__construct" visibility="public" complexity="1" crap="1" count="9"/>
        <line num="18" type="stmt" count="9"/>
        <line num="20" type="method" name="create" visibility="public" complexity="1" crap="1" count="8"/>
        <line num="22" type="stmt" count="8"/>
        <line num="25" type="method" name="toArray" visibility="public" complexity="1" crap="1" count="1"/>
        <line num="27" type="stmt" count="1"/>
        <metrics loc="30" ncloc="29" classes="1" methods="3" coveredmethods="3" conditionals="0" coveredconditionals="0" statements="3" coveredstatements="3" elements="6" coveredelements="6"/>
      </file>
      <file name="/home/runner/work/laravel-nostr/laravel-nostr/src/Notifications/NostrRoute.php">
        <class name="Revolution\Nostr\Notifications\NostrRoute" namespace="Revolution\Nostr\Notifications">
          <metrics complexity="2" methods="2" coveredmethods="2" conditionals="0" coveredconditionals="0" statements="2" coveredstatements="2" elements="4" coveredelements="4"/>
        </class>
        <line num="9" type="method" name="__construct" visibility="public" complexity="1" crap="1" count="11"/>
        <line num="13" type="stmt" count="11"/>
        <line num="15" type="method" name="to" visibility="public" complexity="1" crap="1" count="10"/>
        <line num="17" type="stmt" count="10"/>
        <metrics loc="20" ncloc="20" classes="1" methods="2" coveredmethods="2" conditionals="0" coveredconditionals="0" statements="2" coveredstatements="2" elements="4" coveredelements="4"/>
      </file>
    </package>
    <package name="Revolution\Nostr\Providers">
      <file name="/home/runner/work/laravel-nostr/laravel-nostr/src/Providers/NostrServiceProvider.php">
        <class name="Revolution\Nostr\Providers\NostrServiceProvider" namespace="Revolution\Nostr\Providers">
          <metrics complexity="5" methods="4" coveredmethods="4" conditionals="0" coveredconditionals="0" statements="13" coveredstatements="13" elements="17" coveredelements="17"/>
        </class>
        <line num="15" type="method" name="register" visibility="public" complexity="1" crap="1" count="140"/>
        <line num="17" type="stmt" count="140"/>
        <line num="18" type="stmt" count="140"/>
        <line num="19" type="stmt" count="140"/>
        <line num="20" type="stmt" count="140"/>
        <line num="22" type="stmt" count="140"/>
        <line num="23" type="stmt" count="140"/>
        <line num="26" type="method" name="boot" visibility="public" complexity="1" crap="1" count="140"/>
        <line num="28" type="stmt" count="140"/>
        <line num="30" type="stmt" count="140"/>
        <line num="33" type="method" name="websocket" visibility="protected" complexity="1" crap="1" count="140"/>
        <line num="35" type="stmt" count="140"/>
        <line num="41" type="method" name="configurePublishing" visibility="protected" complexity="2" crap="2" count="140"/>
        <line num="43" type="stmt" count="140"/>
        <line num="47" type="stmt" count="140"/>
        <line num="48" type="stmt" count="140"/>
        <line num="49" type="stmt" count="140"/>
        <metrics loc="52" ncloc="48" classes="1" methods="4" coveredmethods="4" conditionals="0" coveredconditionals="0" statements="13" coveredstatements="13" elements="17" coveredelements="17"/>
      </file>
    </package>
    <package name="Revolution\Nostr\Social">
      <file name="/home/runner/work/laravel-nostr/laravel-nostr/src/Social/SocialClient.php">
        <class name="Revolution\Nostr\Social\SocialClient" namespace="Revolution\Nostr\Social">
          <metrics complexity="29" methods="23" coveredmethods="23" conditionals="0" coveredconditionals="0" statements="173" coveredstatements="173" elements="196" coveredelements="196"/>
        </class>
        <line num="42" type="method" name="__construct" visibility="public" complexity="1" crap="1" count="43"/>
        <line num="44" type="stmt" count="43"/>
        <line num="46" type="stmt" count="43"/>
        <line num="49" type="method" name="driver" visibility="public" complexity="1" crap="1" count="43"/>
        <line num="51" type="stmt" count="43"/>
        <line num="53" type="stmt" count="43"/>
        <line num="56" type="method" name="withRelay" visibility="public" complexity="1" crap="1" count="23"/>
        <line num="58" type="stmt" count="23"/>
        <line num="60" type="stmt" count="23"/>
        <line num="63" type="method" name="withKey" visibility="public" complexity="1" crap="1" count="33"/>
        <line num="65" type="stmt" count="33"/>
        <line num="66" type="stmt" count="33"/>
        <line num="68" type="stmt" count="33"/>
        <line num="71" type="method" name="publishEvent" visibility="public" complexity="1" crap="1" count="20"/>
        <line num="73" type="stmt" count="20"/>
        <line num="74" type="stmt" count="20"/>
        <line num="75" type="stmt" count="20"/>
        <line num="81" type="method" name="createNewUser" visibility="public" complexity="2" crap="2" count="4"/>
        <line num="83" type="stmt" count="4"/>
        <line num="85" type="stmt" count="4"/>
        <line num="86" type="stmt" count="2"/>
        <line num="89" type="stmt" count="2"/>
        <line num="91" type="stmt" count="2"/>
        <line num="93" type="stmt" count="2"/>
        <line num="95" type="stmt" count="2"/>
        <line num="96" type="stmt" count="2"/>
        <line num="97" type="stmt" count="2"/>
        <line num="98" type="stmt" count="2"/>
        <line num="101" type="method" name="updateProfile" visibility="public" complexity="1" crap="1" count="2"/>
        <line num="103" type="stmt" count="2"/>
        <line num="104" type="stmt" count="2"/>
        <line num="105" type="stmt" count="2"/>
        <line num="106" type="stmt" count="2"/>
        <line num="107" type="stmt" count="2"/>
        <line num="109" type="stmt" count="2"/>
        <line num="112" type="method" name="profile" visibility="public" complexity="1" crap="1" count="2"/>
        <line num="114" type="stmt" count="2"/>
        <line num="116" type="stmt" count="2"/>
        <line num="117" type="stmt" count="2"/>
        <line num="118" type="stmt" count="2"/>
        <line num="119" type="stmt" count="2"/>
        <line num="121" type="stmt" count="2"/>
        <line num="122" type="stmt" count="2"/>
        <line num="123" type="stmt" count="2"/>
        <line num="124" type="stmt" count="2"/>
        <line num="130" type="method" name="follows" visibility="public" complexity="1" crap="1" count="4"/>
        <line num="132" type="stmt" count="4"/>
        <line num="133" type="stmt" count="4"/>
        <line num="134" type="stmt" count="4"/>
        <line num="135" type="stmt" count="4"/>
        <line num="137" type="stmt" count="4"/>
        <line num="139" type="stmt" count="4"/>
        <line num="140" type="stmt" count="4"/>
        <line num="141" type="stmt" count="4"/>
        <line num="142" type="stmt" count="4"/>
        <line num="148" type="method" name="updateFollows" visibility="public" complexity="1" crap="1" count="4"/>
        <line num="150" type="stmt" count="4"/>
        <line num="151" type="stmt" count="4"/>
        <line num="152" type="stmt" count="4"/>
        <line num="153" type="stmt" count="4"/>
        <line num="154" type="stmt" count="4"/>
        <line num="155" type="stmt" count="4"/>
        <line num="157" type="stmt" count="4"/>
        <line num="160" type="method" name="relays" visibility="public" complexity="1" crap="1" count="2"/>
        <line num="162" type="stmt" count="2"/>
        <line num="163" type="stmt" count="2"/>
        <line num="164" type="stmt" count="2"/>
        <line num="165" type="stmt" count="2"/>
        <line num="167" type="stmt" count="2"/>
        <line num="168" type="stmt" count="2"/>
        <line num="169" type="stmt" count="2"/>
        <line num="170" type="stmt" count="2"/>
        <line num="176" type="method" name="updateRelays" visibility="public" complexity="2" crap="2" count="2"/>
        <line num="178" type="stmt" count="2"/>
        <line num="180" type="stmt" count="2"/>
        <line num="181" type="stmt" count="2"/>
        <line num="183" type="stmt" count="2"/>
        <line num="184" type="stmt" count="2"/>
        <line num="185" type="stmt" count="2"/>
        <line num="186" type="stmt" count="2"/>
        <line num="187" type="stmt" count="2"/>
        <line num="188" type="stmt" count="2"/>
        <line num="190" type="stmt" count="2"/>
        <line num="196" type="method" name="profiles" visibility="public" complexity="1" crap="1" count="4"/>
        <line num="198" type="stmt" count="4"/>
        <line num="199" type="stmt" count="4"/>
        <line num="200" type="stmt" count="4"/>
        <line num="201" type="stmt" count="4"/>
        <line num="203" type="stmt" count="4"/>
        <line num="204" type="stmt" count="4"/>
        <line num="205" type="stmt" count="4"/>
        <line num="206" type="stmt" count="4"/>
        <line num="212" type="method" name="notes" visibility="public" complexity="1" crap="1" count="4"/>
        <line num="214" type="stmt" count="4"/>
        <line num="215" type="stmt" count="4"/>
        <line num="216" type="stmt" count="4"/>
        <line num="217" type="stmt" count="4"/>
        <line num="218" type="stmt" count="4"/>
        <line num="219" type="stmt" count="4"/>
        <line num="220" type="stmt" count="4"/>
        <line num="222" type="stmt" count="4"/>
        <line num="223" type="stmt" count="4"/>
        <line num="224" type="stmt" count="4"/>
        <line num="226" type="stmt" count="4"/>
        <line num="227" type="stmt" count="4"/>
        <line num="228" type="stmt" count="4"/>
        <line num="231" type="method" name="mergeNotesAndProfiles" visibility="public" complexity="2" crap="2" count="4"/>
        <line num="233" type="stmt" count="4"/>
        <line num="234" type="stmt" count="4"/>
        <line num="235" type="stmt" count="4"/>
        <line num="236" type="stmt" count="2"/>
        <line num="238" type="stmt" count="2"/>
        <line num="239" type="stmt" count="2"/>
        <line num="242" type="stmt" count="2"/>
        <line num="244" type="stmt" count="2"/>
        <line num="245" type="stmt" count="4"/>
        <line num="248" type="method" name="timeline" visibility="public" complexity="1" crap="1" count="2"/>
        <line num="250" type="stmt" count="2"/>
        <line num="252" type="stmt" count="2"/>
        <line num="254" type="stmt" count="2"/>
        <line num="256" type="stmt" count="2"/>
        <line num="262" type="method" name="createNote" visibility="public" complexity="1" crap="1" count="2"/>
        <line num="264" type="stmt" count="2"/>
        <line num="265" type="stmt" count="2"/>
        <line num="266" type="stmt" count="2"/>
        <line num="267" type="stmt" count="2"/>
        <line num="268" type="stmt" count="2"/>
        <line num="269" type="stmt" count="2"/>
        <line num="271" type="stmt" count="2"/>
        <line num="274" type="method" name="createNoteTo" visibility="public" complexity="1" crap="1" count="2"/>
        <line num="276" type="stmt" count="2"/>
        <line num="277" type="stmt" count="2"/>
        <line num="278" type="stmt" count="2"/>
        <line num="279" type="stmt" count="2"/>
        <line num="280" type="stmt" count="2"/>
        <line num="281" type="stmt" count="2"/>
        <line num="283" type="stmt" count="2"/>
        <line num="289" type="method" name="createNoteWithHashTag" visibility="public" complexity="2" crap="2" count="2"/>
        <line num="291" type="stmt" count="2"/>
        <line num="293" type="stmt" count="2"/>
        <line num="294" type="stmt" count="2"/>
        <line num="297" type="stmt" count="2"/>
        <line num="298" type="stmt" count="2"/>
        <line num="299" type="stmt" count="2"/>
        <line num="300" type="stmt" count="2"/>
        <line num="301" type="stmt" count="2"/>
        <line num="302" type="stmt" count="2"/>
        <line num="304" type="stmt" count="2"/>
        <line num="312" type="method" name="reply" visibility="public" complexity="3" crap="3" count="4"/>
        <line num="314" type="stmt" count="4"/>
        <line num="316" type="stmt" count="4"/>
        <line num="317" type="stmt" count="4"/>
        <line num="318" type="stmt" count="4"/>
        <line num="319" type="stmt" count="4"/>
        <line num="320" type="stmt" count="4"/>
        <line num="321" type="stmt" count="4"/>
        <line num="322" type="stmt" count="4"/>
        <line num="323" type="stmt" count="4"/>
        <line num="324" type="stmt" count="4"/>
        <line num="326" type="stmt" count="4"/>
        <line num="327" type="stmt" count="4"/>
        <line num="330" type="stmt" count="4"/>
        <line num="331" type="stmt" count="2"/>
        <line num="334" type="stmt" count="4"/>
        <line num="335" type="stmt" count="4"/>
        <line num="336" type="stmt" count="4"/>
        <line num="337" type="stmt" count="4"/>
        <line num="338" type="stmt" count="4"/>
        <line num="339" type="stmt" count="4"/>
        <line num="341" type="stmt" count="4"/>
        <line num="344" type="method" name="reaction" visibility="public" complexity="1" crap="1" count="2"/>
        <line num="346" type="stmt" count="2"/>
        <line num="347" type="stmt" count="2"/>
        <line num="348" type="stmt" count="2"/>
        <line num="349" type="stmt" count="2"/>
        <line num="351" type="stmt" count="2"/>
        <line num="352" type="stmt" count="2"/>
        <line num="353" type="stmt" count="2"/>
        <line num="354" type="stmt" count="2"/>
        <line num="355" type="stmt" count="2"/>
        <line num="356" type="stmt" count="2"/>
        <line num="358" type="stmt" count="2"/>
        <line num="361" type="method" name="delete" visibility="public" complexity="1" crap="1" count="2"/>
        <line num="363" type="stmt" count="2"/>
        <line num="365" type="stmt" count="2"/>
        <line num="366" type="stmt" count="2"/>
        <line num="367" type="stmt" count="2"/>
        <line num="368" type="stmt" count="2"/>
        <line num="369" type="stmt" count="2"/>
        <line num="371" type="stmt" count="2"/>
        <line num="374" type="method" name="getEventById" visibility="public" complexity="1" crap="1" count="5"/>
        <line num="376" type="stmt" count="5"/>
        <line num="377" type="stmt" count="5"/>
        <line num="378" type="stmt" count="5"/>
        <line num="380" type="stmt" count="5"/>
        <line num="381" type="stmt" count="5"/>
        <metrics loc="384" ncloc="352" classes="1" methods="23" coveredmethods="23" conditionals="0" coveredconditionals="0" statements="173" coveredstatements="173" elements="196" coveredelements="196"/>
      </file>
    </package>
    <package name="Revolution\Nostr\Tags">
      <file name="/home/runner/work/laravel-nostr/laravel-nostr/src/Tags/AddressTag.php">
        <class name="Revolution\Nostr\Tags\AddressTag" namespace="Revolution\Nostr\Tags">
          <metrics complexity="3" methods="3" coveredmethods="3" conditionals="0" coveredconditionals="0" statements="8" coveredstatements="8" elements="11" coveredelements="11"/>
        </class>
        <line num="14" type="method" name="__construct" visibility="public" complexity="1" crap="1" count="1"/>
        <line num="19" type="stmt" count="1"/>
        <line num="21" type="method" name="make" visibility="public" complexity="1" crap="1" count="1"/>
        <line num="27" type="stmt" count="1"/>
        <line num="33" type="method" name="toArray" visibility="public" complexity="1" crap="1" count="1"/>
        <line num="35" type="stmt" count="1"/>
        <line num="36" type="stmt" count="1"/>
        <line num="37" type="stmt" count="1"/>
        <line num="38" type="stmt" count="1"/>
        <line num="39" type="stmt" count="1"/>
        <line num="41" type="stmt" count="1"/>
        <metrics loc="44" ncloc="41" classes="1" methods="3" coveredmethods="3" conditionals="0" coveredconditionals="0" statements="8" coveredstatements="8" elements="11" coveredelements="11"/>
      </file>
      <file name="/home/runner/work/laravel-nostr/laravel-nostr/src/Tags/DescriptionTag.php">
        <class name="Revolution\Nostr\Tags\DescriptionTag" namespace="Revolution\Nostr\Tags">
          <metrics complexity="3" methods="3" coveredmethods="3" conditionals="0" coveredconditionals="0" statements="3" coveredstatements="3" elements="6" coveredelements="6"/>
        </class>
        <line num="11" type="method" name="__construct" visibility="public" complexity="1" crap="1" count="1"/>
        <line num="13" type="stmt" count="1"/>
        <line num="15" type="method" name="make" visibility="public" complexity="1" crap="1" count="1"/>
        <line num="17" type="stmt" count="1"/>
        <line num="23" type="method" name="toArray" visibility="public" complexity="1" crap="1" count="1"/>
        <line num="25" type="stmt" count="1"/>
        <metrics loc="28" ncloc="25" classes="1" methods="3" coveredmethods="3" conditionals="0" coveredconditionals="0" statements="3" coveredstatements="3" elements="6" coveredelements="6"/>
      </file>
      <file name="/home/runner/work/laravel-nostr/laravel-nostr/src/Tags/EmojiTag.php">
        <class name="Revolution\Nostr\Tags\EmojiTag" namespace="Revolution\Nostr\Tags">
          <metrics complexity="3" methods="3" coveredmethods="3" conditionals="0" coveredconditionals="0" statements="3" coveredstatements="3" elements="6" coveredelements="6"/>
        </class>
        <line num="11" type="method" name="__construct" visibility="public" complexity="1" crap="1" count="1"/>
        <line num="14" type="stmt" count="1"/>
        <line num="16" type="method" name="make" visibility="public" complexity="1" crap="1" count="1"/>
        <line num="18" type="stmt" count="1"/>
        <line num="24" type="method" name="toArray" visibility="public" complexity="1" crap="1" count="1"/>
        <line num="26" type="stmt" count="1"/>
        <metrics loc="29" ncloc="26" classes="1" methods="3" coveredmethods="3" conditionals="0" coveredconditionals="0" statements="3" coveredstatements="3" elements="6" coveredelements="6"/>
      </file>
      <file name="/home/runner/work/laravel-nostr/laravel-nostr/src/Tags/EventTag.php">
        <class name="Revolution\Nostr\Tags\EventTag" namespace="Revolution\Nostr\Tags">
          <metrics complexity="3" methods="3" coveredmethods="3" conditionals="0" coveredconditionals="0" statements="3" coveredstatements="3" elements="6" coveredelements="6"/>
        </class>
        <line num="11" type="method" name="__construct" visibility="public" complexity="1" crap="1" count="8"/>
        <line num="15" type="stmt" count="8"/>
        <line num="17" type="method" name="make" visibility="public" complexity="1" crap="1" count="8"/>
        <line num="22" type="stmt" count="8"/>
        <line num="28" type="method" name="toArray" visibility="public" complexity="1" crap="1" count="8"/>
        <line num="30" type="stmt" count="8"/>
        <metrics loc="33" ncloc="30" classes="1" methods="3" coveredmethods="3" conditionals="0" coveredconditionals="0" statements="3" coveredstatements="3" elements="6" coveredelements="6"/>
      </file>
      <file name="/home/runner/work/laravel-nostr/laravel-nostr/src/Tags/ExpirationTag.php">
        <class name="Revolution\Nostr\Tags\ExpirationTag" namespace="Revolution\Nostr\Tags">
          <metrics complexity="3" methods="3" coveredmethods="3" conditionals="0" coveredconditionals="0" statements="3" coveredstatements="3" elements="6" coveredelements="6"/>
        </class>
        <line num="14" type="method" name="__construct" visibility="public" complexity="1" crap="1" count="1"/>
        <line num="16" type="stmt" count="1"/>
        <line num="18" type="method" name="make" visibility="public" complexity="1" crap="1" count="1"/>
        <line num="20" type="stmt" count="1"/>
        <line num="26" type="method" name="toArray" visibility="public" complexity="1" crap="1" count="1"/>
        <line num="28" type="stmt" count="1"/>
        <metrics loc="31" ncloc="25" classes="1" methods="3" coveredmethods="3" conditionals="0" coveredconditionals="0" statements="3" coveredstatements="3" elements="6" coveredelements="6"/>
      </file>
      <file name="/home/runner/work/laravel-nostr/laravel-nostr/src/Tags/HashTag.php">
        <class name="Revolution\Nostr\Tags\HashTag" namespace="Revolution\Nostr\Tags">
          <metrics complexity="3" methods="3" coveredmethods="3" conditionals="0" coveredconditionals="0" statements="3" coveredstatements="3" elements="6" coveredelements="6"/>
        </class>
        <line num="17" type="method" name="__construct" visibility="public" complexity="1" crap="1" count="5"/>
        <line num="19" type="stmt" count="5"/>
        <line num="24" type="method" name="make" visibility="public" complexity="1" crap="1" count="5"/>
        <line num="26" type="stmt" count="5"/>
        <line num="32" type="method" name="toArray" visibility="public" complexity="1" crap="1" count="5"/>
        <line num="34" type="stmt" count="5"/>
        <metrics loc="37" ncloc="25" classes="1" methods="3" coveredmethods="3" conditionals="0" coveredconditionals="0" statements="3" coveredstatements="3" elements="6" coveredelements="6"/>
      </file>
      <file name="/home/runner/work/laravel-nostr/laravel-nostr/src/Tags/IdentifierTag.php">
        <class name="Revolution\Nostr\Tags\IdentifierTag" namespace="Revolution\Nostr\Tags">
          <metrics complexity="3" methods="3" coveredmethods="3" conditionals="0" coveredconditionals="0" statements="3" coveredstatements="3" elements="6" coveredelements="6"/>
        </class>
        <line num="17" type="method" name="__construct" visibility="public" complexity="1" crap="1" count="1"/>
        <line num="19" type="stmt" count="1"/>
        <line num="24" type="method" name="make" visibility="public" complexity="1" crap="1" count="1"/>
        <line num="26" type="stmt" count="1"/>
        <line num="32" type="method" name="toArray" visibility="public" complexity="1" crap="1" count="1"/>
        <line num="34" type="stmt" count="1"/>
        <metrics loc="37" ncloc="25" classes="1" methods="3" coveredmethods="3" conditionals="0" coveredconditionals="0" statements="3" coveredstatements="3" elements="6" coveredelements="6"/>
      </file>
      <file name="/home/runner/work/laravel-nostr/laravel-nostr/src/Tags/IdentityTag.php">
        <class name="Revolution\Nostr\Tags\IdentityTag" namespace="Revolution\Nostr\Tags">
          <metrics complexity="4" methods="4" coveredmethods="4" conditionals="0" coveredconditionals="0" statements="5" coveredstatements="5" elements="9" coveredelements="9"/>
        </class>
        <line num="16" type="method" name="__construct" visibility="public" complexity="1" crap="1" count="1"/>
        <line num="19" type="stmt" count="1"/>
        <line num="21" type="method" name="make" visibility="public" complexity="1" crap="1" count="1"/>
        <line num="23" type="stmt" count="1"/>
        <line num="26" type="method" name="with" visibility="public" complexity="1" crap="1" count="1"/>
        <line num="28" type="stmt" count="1"/>
        <line num="30" type="stmt" count="1"/>
        <line num="36" type="method" name="toArray" visibility="public" complexity="1" crap="1" count="1"/>
        <line num="38" type="stmt" count="1"/>
        <metrics loc="41" ncloc="35" classes="1" methods="4" coveredmethods="4" conditionals="0" coveredconditionals="0" statements="5" coveredstatements="5" elements="9" coveredelements="9"/>
      </file>
      <file name="/home/runner/work/laravel-nostr/laravel-nostr/src/Tags/ImageTag.php">
        <class name="Revolution\Nostr\Tags\ImageTag" namespace="Revolution\Nostr\Tags">
          <metrics complexity="5" methods="3" coveredmethods="3" conditionals="0" coveredconditionals="0" statements="5" coveredstatements="5" elements="8" coveredelements="8"/>
        </class>
        <line num="11" type="method" name="__construct" visibility="public" complexity="1" crap="1" count="1"/>
        <line num="15" type="stmt" count="1"/>
        <line num="17" type="method" name="make" visibility="public" complexity="1" crap="1" count="1"/>
        <line num="19" type="stmt" count="1"/>
        <line num="25" type="method" name="toArray" visibility="public" complexity="3" crap="3" count="1"/>
        <line num="27" type="stmt" count="1"/>
        <line num="28" type="stmt" count="1"/>
        <line num="31" type="stmt" count="1"/>
        <metrics loc="34" ncloc="31" classes="1" methods="3" coveredmethods="3" conditionals="0" coveredconditionals="0" statements="5" coveredstatements="5" elements="8" coveredelements="8"/>
      </file>
      <file name="/home/runner/work/laravel-nostr/laravel-nostr/src/Tags/KindTag.php">
        <class name="Revolution\Nostr\Tags\KindTag" namespace="Revolution\Nostr\Tags">
          <metrics complexity="3" methods="3" coveredmethods="3" conditionals="0" coveredconditionals="0" statements="3" coveredstatements="3" elements="6" coveredelements="6"/>
        </class>
        <line num="14" type="method" name="__construct" visibility="public" complexity="1" crap="1" count="1"/>
        <line num="16" type="stmt" count="1"/>
        <line num="18" type="method" name="make" visibility="public" complexity="1" crap="1" count="1"/>
        <line num="20" type="stmt" count="1"/>
        <line num="26" type="method" name="toArray" visibility="public" complexity="1" crap="1" count="1"/>
        <line num="28" type="stmt" count="1"/>
        <metrics loc="31" ncloc="28" classes="1" methods="3" coveredmethods="3" conditionals="0" coveredconditionals="0" statements="3" coveredstatements="3" elements="6" coveredelements="6"/>
      </file>
      <file name="/home/runner/work/laravel-nostr/laravel-nostr/src/Tags/NameTag.php">
        <class name="Revolution\Nostr\Tags\NameTag" namespace="Revolution\Nostr\Tags">
          <metrics complexity="3" methods="3" coveredmethods="3" conditionals="0" coveredconditionals="0" statements="3" coveredstatements="3" elements="6" coveredelements="6"/>
        </class>
        <line num="14" type="method" name="__construct" visibility="public" complexity="1" crap="1" count="1"/>
        <line num="16" type="stmt" count="1"/>
        <line num="18" type="method" name="make" visibility="public" complexity="1" crap="1" count="1"/>
        <line num="20" type="stmt" count="1"/>
        <line num="26" type="method" name="toArray" visibility="public" complexity="1" crap="1" count="1"/>
        <line num="28" type="stmt" count="1"/>
        <metrics loc="31" ncloc="25" classes="1" methods="3" coveredmethods="3" conditionals="0" coveredconditionals="0" statements="3" coveredstatements="3" elements="6" coveredelements="6"/>
      </file>
      <file name="/home/runner/work/laravel-nostr/laravel-nostr/src/Tags/PersonTag.php">
        <class name="Revolution\Nostr\Tags\PersonTag" namespace="Revolution\Nostr\Tags">
          <metrics complexity="3" methods="3" coveredmethods="3" conditionals="0" coveredconditionals="0" statements="3" coveredstatements="3" elements="6" coveredelements="6"/>
        </class>
        <line num="17" type="method" name="__construct" visibility="public" complexity="1" crap="1" count="12"/>
        <line num="21" type="stmt" count="12"/>
        <line num="26" type="method" name="make" visibility="public" complexity="1" crap="1" count="10"/>
        <line num="31" type="stmt" count="10"/>
        <line num="37" type="method" name="toArray" visibility="public" complexity="1" crap="1" count="12"/>
        <line num="39" type="stmt" count="12"/>
        <metrics loc="42" ncloc="30" classes="1" methods="3" coveredmethods="3" conditionals="0" coveredconditionals="0" statements="3" coveredstatements="3" elements="6" coveredelements="6"/>
      </file>
      <file name="/home/runner/work/laravel-nostr/laravel-nostr/src/Tags/PublishedAtTag.php">
        <class name="Revolution\Nostr\Tags\PublishedAtTag" namespace="Revolution\Nostr\Tags">
          <metrics complexity="3" methods="3" coveredmethods="3" conditionals="0" coveredconditionals="0" statements="3" coveredstatements="3" elements="6" coveredelements="6"/>
        </class>
        <line num="11" type="method" name="__construct" visibility="public" complexity="1" crap="1" count="1"/>
        <line num="13" type="stmt" count="1"/>
        <line num="15" type="method" name="make" visibility="public" complexity="1" crap="1" count="1"/>
        <line num="17" type="stmt" count="1"/>
        <line num="23" type="method" name="toArray" visibility="public" complexity="1" crap="1" count="1"/>
        <line num="25" type="stmt" count="1"/>
        <metrics loc="28" ncloc="25" classes="1" methods="3" coveredmethods="3" conditionals="0" coveredconditionals="0" statements="3" coveredstatements="3" elements="6" coveredelements="6"/>
      </file>
      <file name="/home/runner/work/laravel-nostr/laravel-nostr/src/Tags/ReferenceTag.php">
        <class name="Revolution\Nostr\Tags\ReferenceTag" namespace="Revolution\Nostr\Tags">
          <metrics complexity="3" methods="3" coveredmethods="3" conditionals="0" coveredconditionals="0" statements="3" coveredstatements="3" elements="6" coveredelements="6"/>
        </class>
        <line num="11" type="method" name="__construct" visibility="public" complexity="1" crap="1" count="3"/>
        <line num="13" type="stmt" count="3"/>
        <line num="15" type="method" name="make" visibility="public" complexity="1" crap="1" count="3"/>
        <line num="17" type="stmt" count="3"/>
        <line num="23" type="method" name="toArray" visibility="public" complexity="1" crap="1" count="3"/>
        <line num="25" type="stmt" count="3"/>
        <metrics loc="28" ncloc="25" classes="1" methods="3" coveredmethods="3" conditionals="0" coveredconditionals="0" statements="3" coveredstatements="3" elements="6" coveredelements="6"/>
      </file>
      <file name="/home/runner/work/laravel-nostr/laravel-nostr/src/Tags/RelayTag.php">
        <class name="Revolution\Nostr\Tags\RelayTag" namespace="Revolution\Nostr\Tags">
          <metrics complexity="3" methods="3" coveredmethods="3" conditionals="0" coveredconditionals="0" statements="3" coveredstatements="3" elements="6" coveredelements="6"/>
        </class>
        <line num="11" type="method" name="__construct" visibility="public" complexity="1" crap="1" count="1"/>
        <line num="14" type="stmt" count="1"/>
        <line num="16" type="method" name="make" visibility="public" complexity="1" crap="1" count="1"/>
        <line num="18" type="stmt" count="1"/>
        <line num="24" type="method" name="toArray" visibility="public" complexity="1" crap="1" count="1"/>
        <line num="26" type="stmt" count="1"/>
        <metrics loc="29" ncloc="26" classes="1" methods="3" coveredmethods="3" conditionals="0" coveredconditionals="0" statements="3" coveredstatements="3" elements="6" coveredelements="6"/>
      </file>
      <file name="/home/runner/work/laravel-nostr/laravel-nostr/src/Tags/SubjectTag.php">
        <class name="Revolution\Nostr\Tags\SubjectTag" namespace="Revolution\Nostr\Tags">
          <metrics complexity="3" methods="3" coveredmethods="3" conditionals="0" coveredconditionals="0" statements="3" coveredstatements="3" elements="6" coveredelements="6"/>
        </class>
        <line num="14" type="method" name="__construct" visibility="public" complexity="1" crap="1" count="1"/>
        <line num="16" type="stmt" count="1"/>
        <line num="18" type="method" name="make" visibility="public" complexity="1" crap="1" count="1"/>
        <line num="20" type="stmt" count="1"/>
        <line num="26" type="method" name="toArray" visibility="public" complexity="1" crap="1" count="1"/>
        <line num="28" type="stmt" count="1"/>
        <metrics loc="31" ncloc="25" classes="1" methods="3" coveredmethods="3" conditionals="0" coveredconditionals="0" statements="3" coveredstatements="3" elements="6" coveredelements="6"/>
      </file>
      <file name="/home/runner/work/laravel-nostr/laravel-nostr/src/Tags/TitleTag.php">
        <class name="Revolution\Nostr\Tags\TitleTag" namespace="Revolution\Nostr\Tags">
          <metrics complexity="3" methods="3" coveredmethods="3" conditionals="0" coveredconditionals="0" statements="3" coveredstatements="3" elements="6" coveredelements="6"/>
        </class>
        <line num="14" type="method" name="__construct" visibility="public" complexity="1" crap="1" count="1"/>
        <line num="16" type="stmt" count="1"/>
        <line num="18" type="method" name="make" visibility="public" complexity="1" crap="1" count="1"/>
        <line num="20" type="stmt" count="1"/>
        <line num="26" type="method" name="toArray" visibility="public" complexity="1" crap="1" count="1"/>
        <line num="28" type="stmt" count="1"/>
        <metrics loc="31" ncloc="25" classes="1" methods="3" coveredmethods="3" conditionals="0" coveredconditionals="0" statements="3" coveredstatements="3" elements="6" coveredelements="6"/>
      </file>
    </package>
    <metrics files="57" loc="3297" ncloc="2878" classes="51" methods="224" coveredmethods="196" conditionals="0" coveredconditionals="0" statements="742" coveredstatements="665" elements="966" coveredelements="861"/>
  </project>
</coverage>
